<?xml version="1.0" encoding="UTF-8"?>
<!-- Generated by org.testng.reporters.JUnitReportReporter -->
<testsuite hostname="INBL01LAP30343" failures="0" tests="1" name="com.hag.tests.Scenario_5" time="10.023" errors="0" timestamp="2023-04-13T13:18:24 IST" skipped="0">
  <testcase classname="com.hag.tests.Scenario_5" name="featuresOfRealDeviceCloud" time="10.023"/>
  <system-out/>
</testsuite> <!-- com.hag.tests.Scenario_5 -->
