<?xml version="1.0" encoding="UTF-8"?>
<!-- Generated by org.testng.reporters.JUnitReportReporter -->
<testsuite hostname="INBL01LAP30343" failures="0" tests="1" name="com.hag.tests.Scenarios_2" time="7.241" errors="0" timestamp="2023-04-05T18:39:05 IST" skipped="0">
  <testcase classname="com.hag.tests.Scenarios_2" name="checkTheParticularProduct" time="7.241"/>
  <system-out>
matcehd product  </system-out>
</testsuite> <!-- com.hag.tests.Scenarios_2 -->
