<?xml version="1.0" encoding="UTF-8"?>
<!-- Generated by org.testng.reporters.JUnitReportReporter -->
<testsuite hostname="INBL01LAP30343" failures="0" tests="1" name="com.hag.tests.Scenario_3" time="17.587" errors="0" timestamp="2023-04-11T16:28:13 IST" skipped="0">
  <testcase classname="com.hag.tests.Scenario_3" name="validateThePrice" time="17.587"/>
  <system-out/>
</testsuite> <!-- com.hag.tests.Scenario_3 -->
