<?xml version="1.0" encoding="UTF-8"?>
<!-- Generated by org.testng.reporters.JUnitReportReporter -->
<testsuite hostname="INBL01LAP30343" failures="0" tests="1" name="com.hag.tests.Scenario_1" time="21.515" errors="0" timestamp="2023-04-05T18:39:05 IST" skipped="0">
  <testcase classname="com.hag.tests.Scenario_1" name="logininTotheapplicaton" time="21.515"/>
  <system-out>
PRODUCT IS SAME AS ADDED TO THE CART  </system-out>
</testsuite> <!-- com.hag.tests.Scenario_1 -->
