<?xml version="1.0" encoding="UTF-8"?>
<!-- Generated by org.testng.reporters.JUnitReportReporter -->
<testsuite hostname="INBL01LAP30343" failures="0" tests="1" name="com.hag.tests.Scenario_7" time="69.326" errors="0" timestamp="2023-04-20T15:59:55 IST" skipped="0">
  <testcase classname="com.hag.tests.Scenario_7" name="moveToAccessibilityTesting" time="69.326"/>
  <system-out/>
</testsuite> <!-- com.hag.tests.Scenario_7 -->
