<?xml version="1.0" encoding="UTF-8"?>
<!-- Generated by org.testng.reporters.JUnitReportReporter -->
<testsuite hostname="INBL01LAP30343" failures="0" tests="1" name="com.hag.tests.Scenario_6" time="46.820" errors="0" timestamp="2023-05-12T11:54:23 IST" skipped="0">
  <testcase classname="com.hag.tests.Scenario_6" name="nevigateToUserTesting" time="46.820"/>
  <system-out/>
</testsuite> <!-- com.hag.tests.Scenario_6 -->
