<?xml version="1.0" encoding="UTF-8"?>
<!-- Generated by org.testng.reporters.JUnitReportReporter -->
<testsuite hostname="INBL01LAP30343" failures="0" tests="1" name="com.hag.tests.Scenario_3" time="6.576" errors="0" timestamp="2023-05-05T12:17:32 IST" skipped="0">
  <testcase classname="com.hag.tests.Scenario_3" name="validateThePrice" time="6.576"/>
  <system-out/>
</testsuite> <!-- com.hag.tests.Scenario_3 -->
