<?xml version="1.0" encoding="UTF-8"?>
<!-- Generated by org.testng.reporters.JUnitReportReporter -->
<testsuite hostname="INBL01LAP30343" failures="0" tests="1" name="com.hag.tests.Scenario_4$Scenarios_4" time="7.091" errors="0" timestamp="2023-04-05T17:46:59 IST" skipped="0">
  <testcase classname="com.hag.tests.Scenario_4$Scenarios_4" name="valiadteErroMessage" time="7.091"/>
  <system-out>
ERROR MESSAGE IS VALIDATED  </system-out>
</testsuite> <!-- com.hag.tests.Scenario_4$Scenarios_4 -->
